<?xml version="1.0" encoding="UTF-8"?>
<testsuite xmlns:xsi="http://www.w3.org/2001/XMLSchema-instance" xsi:noNamespaceSchemaLocation="https://maven.apache.org/surefire/maven-surefire-plugin/xsd/surefire-test-report-3.0.xsd" version="3.0" name="TestSuite" time="3.656" tests="4" errors="0" skipped="2" failures="2">
  <properties>
    <property name="sun.desktop" value="windows"/>
    <property name="awt.toolkit" value="sun.awt.windows.WToolkit"/>
    <property name="java.specification.version" value="11"/>
    <property name="sun.cpu.isalist" value="amd64"/>
    <property name="sun.jnu.encoding" value="Cp1252"/>
    <property name="java.class.path" value="E:\eclipse-workspace\MavenProject\target\test-classes;E:\eclipse-workspace\MavenProject\target\classes;C:\Users\Dell\.m2\repository\org\catools\zapi\0.1.25\zapi-0.1.25.jar;C:\Users\Dell\.m2\repository\org\catools\common\0.1.25\common-0.1.25.jar;C:\Users\Dell\.m2\repository\com\github\lalyos\jfiglet\0.0.8\jfiglet-0.0.8.jar;C:\Users\Dell\.m2\repository\com\diogonunes\JCDP\2.0.3.1\JCDP-2.0.3.1.jar;C:\Users\Dell\.m2\repository\org\fusesource\jansi\jansi\1.15\jansi-1.15.jar;C:\Users\Dell\.m2\repository\org\codehaus\groovy\groovy-jsr223\2.5.7\groovy-jsr223-2.5.7.jar;C:\Users\Dell\.m2\repository\org\apache\logging\log4j\log4j-api\2.12.1\log4j-api-2.12.1.jar;C:\Users\Dell\.m2\repository\org\apache\logging\log4j\log4j-core\2.12.1\log4j-core-2.12.1.jar;C:\Users\Dell\.m2\repository\org\apache\logging\log4j\log4j-slf4j-impl\2.12.1\log4j-slf4j-impl-2.12.1.jar;C:\Users\Dell\.m2\repository\org\slf4j\slf4j-api\1.7.25\slf4j-api-1.7.25.jar;C:\Users\Dell\.m2\repository\org\projectlombok\lombok\1.18.10\lombok-1.18.10.jar;C:\Users\Dell\.m2\repository\commons-io\commons-io\2.6\commons-io-2.6.jar;C:\Users\Dell\.m2\repository\javax\xml\bind\jaxb-api\2.3.1\jaxb-api-2.3.1.jar;C:\Users\Dell\.m2\repository\javax\activation\javax.activation-api\1.2.0\javax.activation-api-1.2.0.jar;C:\Users\Dell\.m2\repository\javax\xml\bind\activation\1.0.2\activation-1.0.2.jar;C:\Users\Dell\.m2\repository\org\glassfish\jaxb\jaxb-runtime\2.4.0-b180830.0438\jaxb-runtime-2.4.0-b180830.0438.jar;C:\Users\Dell\.m2\repository\org\glassfish\jaxb\txw2\2.4.0-b180830.0438\txw2-2.4.0-b180830.0438.jar;C:\Users\Dell\.m2\repository\com\sun\istack\istack-commons-runtime\3.0.7\istack-commons-runtime-3.0.7.jar;C:\Users\Dell\.m2\repository\org\jvnet\staxex\stax-ex\1.8\stax-ex-1.8.jar;C:\Users\Dell\.m2\repository\com\sun\xml\fastinfoset\FastInfoset\1.2.15\FastInfoset-1.2.15.jar;C:\Users\Dell\.m2\repository\javax\ws\rs\javax.ws.rs-api\2.1.1\javax.ws.rs-api-2.1.1.jar;C:\Users\Dell\.m2\repository\org\codehaus\jettison\jettison\1.4.0\jettison-1.4.0.jar;C:\Users\Dell\.m2\repository\org\apache\commons\commons-text\1.6\commons-text-1.6.jar;C:\Users\Dell\.m2\repository\org\apache\commons\commons-lang3\3.8.1\commons-lang3-3.8.1.jar;C:\Users\Dell\.m2\repository\org\apache\commons\commons-csv\1.6\commons-csv-1.6.jar;C:\Users\Dell\.m2\repository\org\apache\commons\commons-collections4\4.4\commons-collections4-4.4.jar;C:\Users\Dell\.m2\repository\com\fasterxml\jackson\core\jackson-core\2.10.2\jackson-core-2.10.2.jar;C:\Users\Dell\.m2\repository\com\fasterxml\jackson\dataformat\jackson-dataformat-yaml\2.10.2\jackson-dataformat-yaml-2.10.2.jar;C:\Users\Dell\.m2\repository\com\fasterxml\jackson\core\jackson-databind\2.10.2\jackson-databind-2.10.2.jar;C:\Users\Dell\.m2\repository\com\fasterxml\jackson\core\jackson-annotations\2.10.2\jackson-annotations-2.10.2.jar;C:\Users\Dell\.m2\repository\commons-collections\commons-collections\3.2.1\commons-collections-3.2.1.jar;C:\Users\Dell\.m2\repository\com\googlecode\lambdaj\lambdaj\2.3.3\lambdaj-2.3.3.jar;C:\Users\Dell\.m2\repository\org\hamcrest\hamcrest-all\1.1\hamcrest-all-1.1.jar;C:\Users\Dell\.m2\repository\org\objenesis\objenesis\1.2\objenesis-1.2.jar;C:\Users\Dell\.m2\repository\cglib\cglib-nodep\2.2\cglib-nodep-2.2.jar;C:\Users\Dell\.m2\repository\org\bitbucket\cowwoc\diff-match-patch\1.2\diff-match-patch-1.2.jar;C:\Users\Dell\.m2\repository\com\googlecode\libphonenumber\libphonenumber\8.10.7\libphonenumber-8.10.7.jar;C:\Users\Dell\.m2\repository\uk\com\robust-it\cloning\1.9.2\cloning-1.9.2.jar;C:\Users\Dell\.m2\repository\org\jmockit\jmockit\1.44\jmockit-1.44.jar;C:\Users\Dell\.m2\repository\org\catools\common-concurrent\0.1.25\common-concurrent-0.1.25.jar;C:\Users\Dell\.m2\repository\org\catools\common-security\0.1.25\common-security-0.1.25.jar;C:\Users\Dell\.m2\repository\org\catools\common-testng\0.1.25\common-testng-0.1.25.jar;C:\Users\Dell\.m2\repository\org\catools\etl\0.1.25\etl-0.1.25.jar;C:\Users\Dell\.m2\repository\org\catools\sql\0.1.25\sql-0.1.25.jar;C:\Users\Dell\.m2\repository\com\googlecode\concurrentlinkedhashmap\concurrentlinkedhashmap-lru\1.4.2\concurrentlinkedhashmap-lru-1.4.2.jar;C:\Users\Dell\.m2\repository\org\hibernate\hibernate-entitymanager\5.4.3.Final\hibernate-entitymanager-5.4.3.Final.jar;C:\Users\Dell\.m2\repository\org\jboss\logging\jboss-logging\3.3.2.Final\jboss-logging-3.3.2.Final.jar;C:\Users\Dell\.m2\repository\org\hibernate\hibernate-core\5.4.3.Final\hibernate-core-5.4.3.Final.jar;C:\Users\Dell\.m2\repository\org\javassist\javassist\3.24.0-GA\javassist-3.24.0-GA.jar;C:\Users\Dell\.m2\repository\antlr\antlr\2.7.7\antlr-2.7.7.jar;C:\Users\Dell\.m2\repository\org\jboss\jandex\2.0.5.Final\jandex-2.0.5.Final.jar;C:\Users\Dell\.m2\repository\com\fasterxml\classmate\1.3.4\classmate-1.3.4.jar;C:\Users\Dell\.m2\repository\org\dom4j\dom4j\2.1.1\dom4j-2.1.1.jar;C:\Users\Dell\.m2\repository\org\hibernate\common\hibernate-commons-annotations\5.1.0.Final\hibernate-commons-annotations-5.1.0.Final.jar;C:\Users\Dell\.m2\repository\javax\persistence\javax.persistence-api\2.2\javax.persistence-api-2.2.jar;C:\Users\Dell\.m2\repository\org\jboss\spec\javax\transaction\jboss-transaction-api_1.2_spec\1.1.1.Final\jboss-transaction-api_1.2_spec-1.1.1.Final.jar;C:\Users\Dell\.m2\repository\org\hibernate\hibernate-jcache\5.4.3.Final\hibernate-jcache-5.4.3.Final.jar;C:\Users\Dell\.m2\repository\javax\cache\cache-api\1.0.0\cache-api-1.0.0.jar;C:\Users\Dell\.m2\repository\org\hibernate\hibernate-c3p0\5.4.3.Final\hibernate-c3p0-5.4.3.Final.jar;C:\Users\Dell\.m2\repository\com\mchange\c3p0\0.9.5.3\c3p0-0.9.5.3.jar;C:\Users\Dell\.m2\repository\com\mchange\mchange-commons-java\0.2.15\mchange-commons-java-0.2.15.jar;C:\Users\Dell\.m2\repository\org\ehcache\ehcache\3.7.1\ehcache-3.7.1.jar;C:\Users\Dell\.m2\repository\log4j\log4j\1.2.17\log4j-1.2.17.jar;C:\Users\Dell\.m2\repository\com\sun\xml\bind\jaxb-core\2.3.0.1\jaxb-core-2.3.0.1.jar;C:\Users\Dell\.m2\repository\com\sun\xml\bind\jaxb-impl\2.3.0.1\jaxb-impl-2.3.0.1.jar;C:\Users\Dell\.m2\repository\javax\activation\activation\1.1.1\activation-1.1.1.jar;C:\Users\Dell\.m2\repository\org\postgresql\postgresql\42.2.4\postgresql-42.2.4.jar;C:\Users\Dell\.m2\repository\org\springframework\spring-jdbc\5.1.4.RELEASE\spring-jdbc-5.1.4.RELEASE.jar;C:\Users\Dell\.m2\repository\org\springframework\spring-beans\5.1.4.RELEASE\spring-beans-5.1.4.RELEASE.jar;C:\Users\Dell\.m2\repository\org\springframework\spring-tx\5.1.4.RELEASE\spring-tx-5.1.4.RELEASE.jar;C:\Users\Dell\.m2\repository\org\springframework\spring-core\5.1.4.RELEASE\spring-core-5.1.4.RELEASE.jar;C:\Users\Dell\.m2\repository\org\springframework\spring-jcl\5.1.4.RELEASE\spring-jcl-5.1.4.RELEASE.jar;C:\Users\Dell\.m2\repository\io\rest-assured\rest-assured\4.1.1\rest-assured-4.1.1.jar;C:\Users\Dell\.m2\repository\org\codehaus\groovy\groovy\2.5.6\groovy-2.5.6.jar;C:\Users\Dell\.m2\repository\org\codehaus\groovy\groovy-xml\2.5.6\groovy-xml-2.5.6.jar;C:\Users\Dell\.m2\repository\org\hamcrest\hamcrest\2.1\hamcrest-2.1.jar;C:\Users\Dell\.m2\repository\org\ccil\cowan\tagsoup\tagsoup\1.2.1\tagsoup-1.2.1.jar;C:\Users\Dell\.m2\repository\io\rest-assured\json-path\4.1.1\json-path-4.1.1.jar;C:\Users\Dell\.m2\repository\org\codehaus\groovy\groovy-json\2.5.6\groovy-json-2.5.6.jar;C:\Users\Dell\.m2\repository\io\rest-assured\rest-assured-common\4.1.1\rest-assured-common-4.1.1.jar;C:\Users\Dell\.m2\repository\io\rest-assured\xml-path\4.1.1\xml-path-4.1.1.jar;C:\Users\Dell\.m2\repository\com\sun\xml\bind\jaxb-osgi\2.3.0.1\jaxb-osgi-2.3.0.1.jar;C:\Users\Dell\.m2\repository\org\apache\sling\org.apache.sling.javax.activation\0.1.0\org.apache.sling.javax.activation-0.1.0.jar;C:\Users\Dell\.m2\repository\org\json\json\20210307\json-20210307.jar;C:\Users\Dell\.m2\repository\net\rcarz\jira-client\0.5\jira-client-0.5.jar;C:\Users\Dell\.m2\repository\org\apache\httpcomponents\httpmime\4.2.5\httpmime-4.2.5.jar;C:\Users\Dell\.m2\repository\net\sf\json-lib\json-lib\2.4\json-lib-2.4-jdk15.jar;C:\Users\Dell\.m2\repository\commons-beanutils\commons-beanutils\1.8.0\commons-beanutils-1.8.0.jar;C:\Users\Dell\.m2\repository\commons-lang\commons-lang\2.5\commons-lang-2.5.jar;C:\Users\Dell\.m2\repository\net\sf\ezmorph\ezmorph\1.0.6\ezmorph-1.0.6.jar;C:\Users\Dell\.m2\repository\joda-time\joda-time\2.3\joda-time-2.3.jar;C:\Users\Dell\.m2\repository\org\mockito\mockito-all\1.9.0\mockito-all-1.9.0.jar;C:\Users\Dell\.m2\repository\commons-httpclient\commons-httpclient\3.1\commons-httpclient-3.1.jar;C:\Users\Dell\.m2\repository\org\apache\httpcomponents\httpclient\4.5.13\httpclient-4.5.13.jar;C:\Users\Dell\.m2\repository\org\apache\httpcomponents\httpcore\4.4.13\httpcore-4.4.13.jar;C:\Users\Dell\.m2\repository\commons-logging\commons-logging\1.2\commons-logging-1.2.jar;C:\Users\Dell\.m2\repository\commons-codec\commons-codec\1.11\commons-codec-1.11.jar;C:\Users\Dell\.m2\repository\junit\junit\4.11\junit-4.11.jar;C:\Users\Dell\.m2\repository\org\hamcrest\hamcrest-core\1.3\hamcrest-core-1.3.jar;C:\Users\Dell\.m2\repository\org\testng\testng\7.3.0\testng-7.3.0.jar;C:\Users\Dell\.m2\repository\com\beust\jcommander\1.78\jcommander-1.78.jar;C:\Users\Dell\.m2\repository\org\apache\ant\ant\1.10.3\ant-1.10.3.jar;C:\Users\Dell\.m2\repository\org\apache\ant\ant-launcher\1.10.3\ant-launcher-1.10.3.jar;C:\Users\Dell\.m2\repository\com\google\inject\guice\4.2.2\guice-4.2.2-no_aop.jar;C:\Users\Dell\.m2\repository\javax\inject\javax.inject\1\javax.inject-1.jar;C:\Users\Dell\.m2\repository\aopalliance\aopalliance\1.0\aopalliance-1.0.jar;C:\Users\Dell\.m2\repository\org\yaml\snakeyaml\1.21\snakeyaml-1.21.jar;C:\Users\Dell\.m2\repository\org\seleniumhq\selenium\selenium-java\3.141.59\selenium-java-3.141.59.jar;C:\Users\Dell\.m2\repository\org\seleniumhq\selenium\selenium-api\3.141.59\selenium-api-3.141.59.jar;C:\Users\Dell\.m2\repository\org\seleniumhq\selenium\selenium-chrome-driver\3.141.59\selenium-chrome-driver-3.141.59.jar;C:\Users\Dell\.m2\repository\org\seleniumhq\selenium\selenium-edge-driver\3.141.59\selenium-edge-driver-3.141.59.jar;C:\Users\Dell\.m2\repository\org\seleniumhq\selenium\selenium-firefox-driver\3.141.59\selenium-firefox-driver-3.141.59.jar;C:\Users\Dell\.m2\repository\org\seleniumhq\selenium\selenium-ie-driver\3.141.59\selenium-ie-driver-3.141.59.jar;C:\Users\Dell\.m2\repository\org\seleniumhq\selenium\selenium-opera-driver\3.141.59\selenium-opera-driver-3.141.59.jar;C:\Users\Dell\.m2\repository\org\seleniumhq\selenium\selenium-remote-driver\3.141.59\selenium-remote-driver-3.141.59.jar;C:\Users\Dell\.m2\repository\org\seleniumhq\selenium\selenium-safari-driver\3.141.59\selenium-safari-driver-3.141.59.jar;C:\Users\Dell\.m2\repository\org\seleniumhq\selenium\selenium-support\3.141.59\selenium-support-3.141.59.jar;C:\Users\Dell\.m2\repository\net\bytebuddy\byte-buddy\1.8.15\byte-buddy-1.8.15.jar;C:\Users\Dell\.m2\repository\org\apache\commons\commons-exec\1.3\commons-exec-1.3.jar;C:\Users\Dell\.m2\repository\com\google\guava\guava\25.0-jre\guava-25.0-jre.jar;C:\Users\Dell\.m2\repository\com\google\code\findbugs\jsr305\1.3.9\jsr305-1.3.9.jar;C:\Users\Dell\.m2\repository\org\checkerframework\checker-compat-qual\2.0.0\checker-compat-qual-2.0.0.jar;C:\Users\Dell\.m2\repository\com\google\errorprone\error_prone_annotations\2.1.3\error_prone_annotations-2.1.3.jar;C:\Users\Dell\.m2\repository\com\google\j2objc\j2objc-annotations\1.1\j2objc-annotations-1.1.jar;C:\Users\Dell\.m2\repository\org\codehaus\mojo\animal-sniffer-annotations\1.14\animal-sniffer-annotations-1.14.jar;C:\Users\Dell\.m2\repository\com\squareup\okhttp3\okhttp\3.11.0\okhttp-3.11.0.jar;C:\Users\Dell\.m2\repository\com\squareup\okio\okio\1.14.0\okio-1.14.0.jar;"/>
    <property name="java.vm.vendor" value="Oracle Corporation"/>
    <property name="sun.arch.data.model" value="64"/>
    <property name="user.variant" value=""/>
    <property name="java.vendor.url" value="https://openjdk.java.net/"/>
    <property name="user.timezone" value="Asia/Calcutta"/>
    <property name="org.apache.logging.log4j.assignedSequences" value="9885"/>
    <property name="java.vm.specification.version" value="11"/>
    <property name="os.name" value="Windows 7"/>
    <property name="sun.java.launcher" value="SUN_STANDARD"/>
    <property name="user.country" value="IN"/>
    <property name="sun.boot.library.path" value="C:\Program Files\Java\jdk-11.0.10\bin"/>
    <property name="sun.java.command" value="C:\Users\Dell\AppData\Local\Temp\surefire4542981677450311650\surefirebooter5770360233013624934.jar C:\Users\Dell\AppData\Local\Temp\surefire4542981677450311650 2021-04-15T13-55-51_192-jvmRun1 surefire7423783786443326349tmp surefire_05671634973790103742tmp"/>
    <property name="jdk.debug" value="release"/>
    <property name="surefire.test.class.path" value="E:\eclipse-workspace\MavenProject\target\test-classes;E:\eclipse-workspace\MavenProject\target\classes;C:\Users\Dell\.m2\repository\org\catools\zapi\0.1.25\zapi-0.1.25.jar;C:\Users\Dell\.m2\repository\org\catools\common\0.1.25\common-0.1.25.jar;C:\Users\Dell\.m2\repository\com\github\lalyos\jfiglet\0.0.8\jfiglet-0.0.8.jar;C:\Users\Dell\.m2\repository\com\diogonunes\JCDP\2.0.3.1\JCDP-2.0.3.1.jar;C:\Users\Dell\.m2\repository\org\fusesource\jansi\jansi\1.15\jansi-1.15.jar;C:\Users\Dell\.m2\repository\org\codehaus\groovy\groovy-jsr223\2.5.7\groovy-jsr223-2.5.7.jar;C:\Users\Dell\.m2\repository\org\apache\logging\log4j\log4j-api\2.12.1\log4j-api-2.12.1.jar;C:\Users\Dell\.m2\repository\org\apache\logging\log4j\log4j-core\2.12.1\log4j-core-2.12.1.jar;C:\Users\Dell\.m2\repository\org\apache\logging\log4j\log4j-slf4j-impl\2.12.1\log4j-slf4j-impl-2.12.1.jar;C:\Users\Dell\.m2\repository\org\slf4j\slf4j-api\1.7.25\slf4j-api-1.7.25.jar;C:\Users\Dell\.m2\repository\org\projectlombok\lombok\1.18.10\lombok-1.18.10.jar;C:\Users\Dell\.m2\repository\commons-io\commons-io\2.6\commons-io-2.6.jar;C:\Users\Dell\.m2\repository\javax\xml\bind\jaxb-api\2.3.1\jaxb-api-2.3.1.jar;C:\Users\Dell\.m2\repository\javax\activation\javax.activation-api\1.2.0\javax.activation-api-1.2.0.jar;C:\Users\Dell\.m2\repository\javax\xml\bind\activation\1.0.2\activation-1.0.2.jar;C:\Users\Dell\.m2\repository\org\glassfish\jaxb\jaxb-runtime\2.4.0-b180830.0438\jaxb-runtime-2.4.0-b180830.0438.jar;C:\Users\Dell\.m2\repository\org\glassfish\jaxb\txw2\2.4.0-b180830.0438\txw2-2.4.0-b180830.0438.jar;C:\Users\Dell\.m2\repository\com\sun\istack\istack-commons-runtime\3.0.7\istack-commons-runtime-3.0.7.jar;C:\Users\Dell\.m2\repository\org\jvnet\staxex\stax-ex\1.8\stax-ex-1.8.jar;C:\Users\Dell\.m2\repository\com\sun\xml\fastinfoset\FastInfoset\1.2.15\FastInfoset-1.2.15.jar;C:\Users\Dell\.m2\repository\javax\ws\rs\javax.ws.rs-api\2.1.1\javax.ws.rs-api-2.1.1.jar;C:\Users\Dell\.m2\repository\org\codehaus\jettison\jettison\1.4.0\jettison-1.4.0.jar;C:\Users\Dell\.m2\repository\org\apache\commons\commons-text\1.6\commons-text-1.6.jar;C:\Users\Dell\.m2\repository\org\apache\commons\commons-lang3\3.8.1\commons-lang3-3.8.1.jar;C:\Users\Dell\.m2\repository\org\apache\commons\commons-csv\1.6\commons-csv-1.6.jar;C:\Users\Dell\.m2\repository\org\apache\commons\commons-collections4\4.4\commons-collections4-4.4.jar;C:\Users\Dell\.m2\repository\com\fasterxml\jackson\core\jackson-core\2.10.2\jackson-core-2.10.2.jar;C:\Users\Dell\.m2\repository\com\fasterxml\jackson\dataformat\jackson-dataformat-yaml\2.10.2\jackson-dataformat-yaml-2.10.2.jar;C:\Users\Dell\.m2\repository\com\fasterxml\jackson\core\jackson-databind\2.10.2\jackson-databind-2.10.2.jar;C:\Users\Dell\.m2\repository\com\fasterxml\jackson\core\jackson-annotations\2.10.2\jackson-annotations-2.10.2.jar;C:\Users\Dell\.m2\repository\commons-collections\commons-collections\3.2.1\commons-collections-3.2.1.jar;C:\Users\Dell\.m2\repository\com\googlecode\lambdaj\lambdaj\2.3.3\lambdaj-2.3.3.jar;C:\Users\Dell\.m2\repository\org\hamcrest\hamcrest-all\1.1\hamcrest-all-1.1.jar;C:\Users\Dell\.m2\repository\org\objenesis\objenesis\1.2\objenesis-1.2.jar;C:\Users\Dell\.m2\repository\cglib\cglib-nodep\2.2\cglib-nodep-2.2.jar;C:\Users\Dell\.m2\repository\org\bitbucket\cowwoc\diff-match-patch\1.2\diff-match-patch-1.2.jar;C:\Users\Dell\.m2\repository\com\googlecode\libphonenumber\libphonenumber\8.10.7\libphonenumber-8.10.7.jar;C:\Users\Dell\.m2\repository\uk\com\robust-it\cloning\1.9.2\cloning-1.9.2.jar;C:\Users\Dell\.m2\repository\org\jmockit\jmockit\1.44\jmockit-1.44.jar;C:\Users\Dell\.m2\repository\org\catools\common-concurrent\0.1.25\common-concurrent-0.1.25.jar;C:\Users\Dell\.m2\repository\org\catools\common-security\0.1.25\common-security-0.1.25.jar;C:\Users\Dell\.m2\repository\org\catools\common-testng\0.1.25\common-testng-0.1.25.jar;C:\Users\Dell\.m2\repository\org\catools\etl\0.1.25\etl-0.1.25.jar;C:\Users\Dell\.m2\repository\org\catools\sql\0.1.25\sql-0.1.25.jar;C:\Users\Dell\.m2\repository\com\googlecode\concurrentlinkedhashmap\concurrentlinkedhashmap-lru\1.4.2\concurrentlinkedhashmap-lru-1.4.2.jar;C:\Users\Dell\.m2\repository\org\hibernate\hibernate-entitymanager\5.4.3.Final\hibernate-entitymanager-5.4.3.Final.jar;C:\Users\Dell\.m2\repository\org\jboss\logging\jboss-logging\3.3.2.Final\jboss-logging-3.3.2.Final.jar;C:\Users\Dell\.m2\repository\org\hibernate\hibernate-core\5.4.3.Final\hibernate-core-5.4.3.Final.jar;C:\Users\Dell\.m2\repository\org\javassist\javassist\3.24.0-GA\javassist-3.24.0-GA.jar;C:\Users\Dell\.m2\repository\antlr\antlr\2.7.7\antlr-2.7.7.jar;C:\Users\Dell\.m2\repository\org\jboss\jandex\2.0.5.Final\jandex-2.0.5.Final.jar;C:\Users\Dell\.m2\repository\com\fasterxml\classmate\1.3.4\classmate-1.3.4.jar;C:\Users\Dell\.m2\repository\org\dom4j\dom4j\2.1.1\dom4j-2.1.1.jar;C:\Users\Dell\.m2\repository\org\hibernate\common\hibernate-commons-annotations\5.1.0.Final\hibernate-commons-annotations-5.1.0.Final.jar;C:\Users\Dell\.m2\repository\javax\persistence\javax.persistence-api\2.2\javax.persistence-api-2.2.jar;C:\Users\Dell\.m2\repository\org\jboss\spec\javax\transaction\jboss-transaction-api_1.2_spec\1.1.1.Final\jboss-transaction-api_1.2_spec-1.1.1.Final.jar;C:\Users\Dell\.m2\repository\org\hibernate\hibernate-jcache\5.4.3.Final\hibernate-jcache-5.4.3.Final.jar;C:\Users\Dell\.m2\repository\javax\cache\cache-api\1.0.0\cache-api-1.0.0.jar;C:\Users\Dell\.m2\repository\org\hibernate\hibernate-c3p0\5.4.3.Final\hibernate-c3p0-5.4.3.Final.jar;C:\Users\Dell\.m2\repository\com\mchange\c3p0\0.9.5.3\c3p0-0.9.5.3.jar;C:\Users\Dell\.m2\repository\com\mchange\mchange-commons-java\0.2.15\mchange-commons-java-0.2.15.jar;C:\Users\Dell\.m2\repository\org\ehcache\ehcache\3.7.1\ehcache-3.7.1.jar;C:\Users\Dell\.m2\repository\log4j\log4j\1.2.17\log4j-1.2.17.jar;C:\Users\Dell\.m2\repository\com\sun\xml\bind\jaxb-core\2.3.0.1\jaxb-core-2.3.0.1.jar;C:\Users\Dell\.m2\repository\com\sun\xml\bind\jaxb-impl\2.3.0.1\jaxb-impl-2.3.0.1.jar;C:\Users\Dell\.m2\repository\javax\activation\activation\1.1.1\activation-1.1.1.jar;C:\Users\Dell\.m2\repository\org\postgresql\postgresql\42.2.4\postgresql-42.2.4.jar;C:\Users\Dell\.m2\repository\org\springframework\spring-jdbc\5.1.4.RELEASE\spring-jdbc-5.1.4.RELEASE.jar;C:\Users\Dell\.m2\repository\org\springframework\spring-beans\5.1.4.RELEASE\spring-beans-5.1.4.RELEASE.jar;C:\Users\Dell\.m2\repository\org\springframework\spring-tx\5.1.4.RELEASE\spring-tx-5.1.4.RELEASE.jar;C:\Users\Dell\.m2\repository\org\springframework\spring-core\5.1.4.RELEASE\spring-core-5.1.4.RELEASE.jar;C:\Users\Dell\.m2\repository\org\springframework\spring-jcl\5.1.4.RELEASE\spring-jcl-5.1.4.RELEASE.jar;C:\Users\Dell\.m2\repository\io\rest-assured\rest-assured\4.1.1\rest-assured-4.1.1.jar;C:\Users\Dell\.m2\repository\org\codehaus\groovy\groovy\2.5.6\groovy-2.5.6.jar;C:\Users\Dell\.m2\repository\org\codehaus\groovy\groovy-xml\2.5.6\groovy-xml-2.5.6.jar;C:\Users\Dell\.m2\repository\org\hamcrest\hamcrest\2.1\hamcrest-2.1.jar;C:\Users\Dell\.m2\repository\org\ccil\cowan\tagsoup\tagsoup\1.2.1\tagsoup-1.2.1.jar;C:\Users\Dell\.m2\repository\io\rest-assured\json-path\4.1.1\json-path-4.1.1.jar;C:\Users\Dell\.m2\repository\org\codehaus\groovy\groovy-json\2.5.6\groovy-json-2.5.6.jar;C:\Users\Dell\.m2\repository\io\rest-assured\rest-assured-common\4.1.1\rest-assured-common-4.1.1.jar;C:\Users\Dell\.m2\repository\io\rest-assured\xml-path\4.1.1\xml-path-4.1.1.jar;C:\Users\Dell\.m2\repository\com\sun\xml\bind\jaxb-osgi\2.3.0.1\jaxb-osgi-2.3.0.1.jar;C:\Users\Dell\.m2\repository\org\apache\sling\org.apache.sling.javax.activation\0.1.0\org.apache.sling.javax.activation-0.1.0.jar;C:\Users\Dell\.m2\repository\org\json\json\20210307\json-20210307.jar;C:\Users\Dell\.m2\repository\net\rcarz\jira-client\0.5\jira-client-0.5.jar;C:\Users\Dell\.m2\repository\org\apache\httpcomponents\httpmime\4.2.5\httpmime-4.2.5.jar;C:\Users\Dell\.m2\repository\net\sf\json-lib\json-lib\2.4\json-lib-2.4-jdk15.jar;C:\Users\Dell\.m2\repository\commons-beanutils\commons-beanutils\1.8.0\commons-beanutils-1.8.0.jar;C:\Users\Dell\.m2\repository\commons-lang\commons-lang\2.5\commons-lang-2.5.jar;C:\Users\Dell\.m2\repository\net\sf\ezmorph\ezmorph\1.0.6\ezmorph-1.0.6.jar;C:\Users\Dell\.m2\repository\joda-time\joda-time\2.3\joda-time-2.3.jar;C:\Users\Dell\.m2\repository\org\mockito\mockito-all\1.9.0\mockito-all-1.9.0.jar;C:\Users\Dell\.m2\repository\commons-httpclient\commons-httpclient\3.1\commons-httpclient-3.1.jar;C:\Users\Dell\.m2\repository\org\apache\httpcomponents\httpclient\4.5.13\httpclient-4.5.13.jar;C:\Users\Dell\.m2\repository\org\apache\httpcomponents\httpcore\4.4.13\httpcore-4.4.13.jar;C:\Users\Dell\.m2\repository\commons-logging\commons-logging\1.2\commons-logging-1.2.jar;C:\Users\Dell\.m2\repository\commons-codec\commons-codec\1.11\commons-codec-1.11.jar;C:\Users\Dell\.m2\repository\junit\junit\4.11\junit-4.11.jar;C:\Users\Dell\.m2\repository\org\hamcrest\hamcrest-core\1.3\hamcrest-core-1.3.jar;C:\Users\Dell\.m2\repository\org\testng\testng\7.3.0\testng-7.3.0.jar;C:\Users\Dell\.m2\repository\com\beust\jcommander\1.78\jcommander-1.78.jar;C:\Users\Dell\.m2\repository\org\apache\ant\ant\1.10.3\ant-1.10.3.jar;C:\Users\Dell\.m2\repository\org\apache\ant\ant-launcher\1.10.3\ant-launcher-1.10.3.jar;C:\Users\Dell\.m2\repository\com\google\inject\guice\4.2.2\guice-4.2.2-no_aop.jar;C:\Users\Dell\.m2\repository\javax\inject\javax.inject\1\javax.inject-1.jar;C:\Users\Dell\.m2\repository\aopalliance\aopalliance\1.0\aopalliance-1.0.jar;C:\Users\Dell\.m2\repository\org\yaml\snakeyaml\1.21\snakeyaml-1.21.jar;C:\Users\Dell\.m2\repository\org\seleniumhq\selenium\selenium-java\3.141.59\selenium-java-3.141.59.jar;C:\Users\Dell\.m2\repository\org\seleniumhq\selenium\selenium-api\3.141.59\selenium-api-3.141.59.jar;C:\Users\Dell\.m2\repository\org\seleniumhq\selenium\selenium-chrome-driver\3.141.59\selenium-chrome-driver-3.141.59.jar;C:\Users\Dell\.m2\repository\org\seleniumhq\selenium\selenium-edge-driver\3.141.59\selenium-edge-driver-3.141.59.jar;C:\Users\Dell\.m2\repository\org\seleniumhq\selenium\selenium-firefox-driver\3.141.59\selenium-firefox-driver-3.141.59.jar;C:\Users\Dell\.m2\repository\org\seleniumhq\selenium\selenium-ie-driver\3.141.59\selenium-ie-driver-3.141.59.jar;C:\Users\Dell\.m2\repository\org\seleniumhq\selenium\selenium-opera-driver\3.141.59\selenium-opera-driver-3.141.59.jar;C:\Users\Dell\.m2\repository\org\seleniumhq\selenium\selenium-remote-driver\3.141.59\selenium-remote-driver-3.141.59.jar;C:\Users\Dell\.m2\repository\org\seleniumhq\selenium\selenium-safari-driver\3.141.59\selenium-safari-driver-3.141.59.jar;C:\Users\Dell\.m2\repository\org\seleniumhq\selenium\selenium-support\3.141.59\selenium-support-3.141.59.jar;C:\Users\Dell\.m2\repository\net\bytebuddy\byte-buddy\1.8.15\byte-buddy-1.8.15.jar;C:\Users\Dell\.m2\repository\org\apache\commons\commons-exec\1.3\commons-exec-1.3.jar;C:\Users\Dell\.m2\repository\com\google\guava\guava\25.0-jre\guava-25.0-jre.jar;C:\Users\Dell\.m2\repository\com\google\code\findbugs\jsr305\1.3.9\jsr305-1.3.9.jar;C:\Users\Dell\.m2\repository\org\checkerframework\checker-compat-qual\2.0.0\checker-compat-qual-2.0.0.jar;C:\Users\Dell\.m2\repository\com\google\errorprone\error_prone_annotations\2.1.3\error_prone_annotations-2.1.3.jar;C:\Users\Dell\.m2\repository\com\google\j2objc\j2objc-annotations\1.1\j2objc-annotations-1.1.jar;C:\Users\Dell\.m2\repository\org\codehaus\mojo\animal-sniffer-annotations\1.14\animal-sniffer-annotations-1.14.jar;C:\Users\Dell\.m2\repository\com\squareup\okhttp3\okhttp\3.11.0\okhttp-3.11.0.jar;C:\Users\Dell\.m2\repository\com\squareup\okio\okio\1.14.0\okio-1.14.0.jar;"/>
    <property name="sun.cpu.endian" value="little"/>
    <property name="user.home" value="C:\Users\Dell"/>
    <property name="user.language" value="en"/>
    <property name="java.specification.vendor" value="Oracle Corporation"/>
    <property name="java.version.date" value="2021-01-19"/>
    <property name="java.home" value="C:\Program Files\Java\jdk-11.0.10"/>
    <property name="file.separator" value="\"/>
    <property name="basedir" value="E:\eclipse-workspace\MavenProject"/>
    <property name="java.vm.compressedOopsMode" value="32-bit"/>
    <property name="line.separator" value="&#10;"/>
    <property name="java.specification.name" value="Java Platform API Specification"/>
    <property name="java.vm.specification.vendor" value="Oracle Corporation"/>
    <property name="java.awt.graphicsenv" value="sun.awt.Win32GraphicsEnvironment"/>
    <property name="surefire.real.class.path" value="C:\Users\Dell\AppData\Local\Temp\surefire4542981677450311650\surefirebooter5770360233013624934.jar"/>
    <property name="user.script" value=""/>
    <property name="sun.management.compiler" value="HotSpot 64-Bit Tiered Compilers"/>
    <property name="java.runtime.version" value="11.0.10+8-LTS-162"/>
    <property name="user.name" value="Dell"/>
    <property name="path.separator" value=";"/>
    <property name="os.version" value="6.1"/>
    <property name="java.runtime.name" value="Java(TM) SE Runtime Environment"/>
    <property name="file.encoding" value="UTF-8"/>
    <property name="java.vm.name" value="Java HotSpot(TM) 64-Bit Server VM"/>
    <property name="java.vendor.version" value="18.9"/>
    <property name="localRepository" value="C:\Users\Dell\.m2\repository"/>
    <property name="java.vendor.url.bug" value="https://bugreport.java.com/bugreport/"/>
    <property name="java.io.tmpdir" value="C:\Users\Dell\AppData\Local\Temp\"/>
    <property name="java.version" value="11.0.10"/>
    <property name="user.dir" value="E:\eclipse-workspace\MavenProject"/>
    <property name="os.arch" value="amd64"/>
    <property name="java.vm.specification.name" value="Java Virtual Machine Specification"/>
    <property name="java.awt.printerjob" value="sun.awt.windows.WPrinterJob"/>
    <property name="sun.os.patch.level" value="Service Pack 1"/>
    <property name="java.library.path" value="C:\Program Files\Java\jdk-11.0.10\bin;C:\Windows\Sun\Java\bin;C:\Windows\system32;C:\Windows;C:\Program Files\Common Files\Oracle\Java\javapath;C:\Windows\system32;C:\Windows;C:\Windows\System32\Wbem;C:\Windows\System32\WindowsPowerShell\v1.0\;C:\Program Files\Java\jdk-11.0.10\bin;C:\Program Files\Git\cmd;C:\Program Files\Git\mingw64\bin;C:\Program Files\Git\usr\bin;C:\apache-maven-3.6.3\bin;E:\apache-maven-3.6.3\apache-maven\src\bin;;."/>
    <property name="java.vendor" value="Oracle Corporation"/>
    <property name="java.vm.info" value="mixed mode"/>
    <property name="java.vm.version" value="11.0.10+8-LTS-162"/>
    <property name="sun.io.unicode.encoding" value="UnicodeLittle"/>
    <property name="java.class.version" value="55.0"/>
  </properties>
  <testcase name="shouldAnswerWithFalse" classname="com.test.mavenProject.MavenProject.AppTest" time="0.039">
    <failure type="java.lang.AssertionError"><![CDATA[java.lang.AssertionError
	at com.test.mavenProject.MavenProject.AppTest.shouldAnswerWithFalse(AppTest.java:49)
]]></failure>
    <system-out><![CDATA[Welcome this is Failed test
]]></system-out>
  </testcase>
  <testcase name="jiraTest[[TestResult name=shouldAnswerWithFalse status=FAILURE method=AppTest.shouldAnswerWithFalse()[pri:0, instance:com.test.mavenProject.MavenProject.AppTest@223aa2f7] output={null}]](0)" classname="com.test.mavenProject.MavenProject.AppTest" time="2.969">
    <failure message="Configuration is not defined: ZAPI_HOME&#10;To work with configuration you need to defined it first.&#10;We need all configuration parameters so we can use this information while you are using application in cli mode.&#10;To do so you need to add this information to your default yaml file in following format:&#10;- name: &quot;String: &lt;Configuration Name&gt;&quot;&#10;  descriptions: &quot;String: &lt;Command line prompt to inform use about the propose of config if the value is not set&gt;&quot;&#10;  defaultValue: &quot;String: &lt;Default value so we can use it if value is not set, note that we do not prompt user if default value set&gt;&quot;&#10;  required: &lt;Boolean: Shall we prompt user for this config if it is not set or we can ignore this&gt;&#10;  sensitive: &lt;Boolean: if the configuration information is sensitive and should mask in log&gt;&#10;" type="org.catools.common.config.CConfigNotDefinedException"><![CDATA[org.catools.common.config.CConfigNotDefinedException: 
Configuration is not defined: ZAPI_HOME
To work with configuration you need to defined it first.
We need all configuration parameters so we can use this information while you are using application in cli mode.
To do so you need to add this information to your default yaml file in following format:
- name: "String: <Configuration Name>"
  descriptions: "String: <Command line prompt to inform use about the propose of config if the value is not set>"
  defaultValue: "String: <Default value so we can use it if value is not set, note that we do not prompt user if default value set>"
  required: <Boolean: Shall we prompt user for this config if it is not set or we can ignore this>
  sensitive: <Boolean: if the configuration information is sensitive and should mask in log>

	at com.test.mavenProject.MavenProject.AppTest.jiraTest(AppTest.java:67)
]]></failure>
    <system-out><![CDATA[2021-04-15 13:55:54,013 main ERROR Recursive call to appender Console
cleanup E:\eclipse-workspace\MavenProject\output
&amp#27;[35m21-04-15 13:55:53:963&amp#27;[m [&amp#27;[34mDEBUG&amp#27;[m] Get connection for route {s}->https://seleniumjenkins.atlassian.net:443
&amp#27;[35m21-04-15 13:55:54:117&amp#27;[m [&amp#27;[34mDEBUG&amp#27;[m] Connecting to seleniumjenkins.atlassian.net:443
&amp#27;[35m21-04-15 13:55:54:514&amp#27;[m [&amp#27;[34mDEBUG&amp#27;[m] CookieSpec selected: default
&amp#27;[35m21-04-15 13:55:54:516&amp#27;[m [&amp#27;[34mDEBUG&amp#27;[m] Auth cache not set in the context
&amp#27;[35m21-04-15 13:55:54:517&amp#27;[m [&amp#27;[34mDEBUG&amp#27;[m] Proxy auth state: UNCHALLENGED
&amp#27;[35m21-04-15 13:55:54:518&amp#27;[m [&amp#27;[34mDEBUG&amp#27;[m] Attempt 1 to execute request
&amp#27;[35m21-04-15 13:55:54:519&amp#27;[m [&amp#27;[34mDEBUG&amp#27;[m] Sending request: GET /rest/api/latest/search?jql=project%3D%27MavenProject%27 HTTP/1.1
&amp#27;[35m21-04-15 13:55:54:519&amp#27;[m [&amp#27;[34mDEBUG&amp#27;[m]  >> "GET /rest/api/latest/search?jql=project%3D%27MavenProject%27 HTTP/1.1[\r][\n]"
&amp#27;[35m21-04-15 13:55:54:521&amp#27;[m [&amp#27;[34mDEBUG&amp#27;[m]  >> "Accept: application/json[\r][\n]"
&amp#27;[35m21-04-15 13:55:54:521&amp#27;[m [&amp#27;[34mDEBUG&amp#27;[m]  >> "Authorization: Basic YmhhcmF0aGthbGFwYWt1cmlAaG90bWFpbC5jb206SDVMdklMVVZqQ2c1WVF1SnRndWE0NDY1[\r][\n]"
&amp#27;[35m21-04-15 13:55:54:522&amp#27;[m [&amp#27;[34mDEBUG&amp#27;[m]  >> "Host: seleniumjenkins.atlassian.net[\r][\n]"
&amp#27;[35m21-04-15 13:55:54:522&amp#27;[m [&amp#27;[34mDEBUG&amp#27;[m]  >> "Connection: Keep-Alive[\r][\n]"
&amp#27;[35m21-04-15 13:55:54:522&amp#27;[m [&amp#27;[34mDEBUG&amp#27;[m]  >> "User-Agent: Apache-HttpClient/4.5.13 (Java/11.0.10)[\r][\n]"
&amp#27;[35m21-04-15 13:55:54:523&amp#27;[m [&amp#27;[34mDEBUG&amp#27;[m]  >> "[\r][\n]"
&amp#27;[35m21-04-15 13:55:54:523&amp#27;[m [&amp#27;[34mDEBUG&amp#27;[m] >> GET /rest/api/latest/search?jql=project%3D%27MavenProject%27 HTTP/1.1
&amp#27;[35m21-04-15 13:55:54:523&amp#27;[m [&amp#27;[34mDEBUG&amp#27;[m] >> Accept: application/json
&amp#27;[35m21-04-15 13:55:54:524&amp#27;[m [&amp#27;[34mDEBUG&amp#27;[m] >> Authorization: Basic YmhhcmF0aGthbGFwYWt1cmlAaG90bWFpbC5jb206SDVMdklMVVZqQ2c1WVF1SnRndWE0NDY1
&amp#27;[35m21-04-15 13:55:54:524&amp#27;[m [&amp#27;[34mDEBUG&amp#27;[m] >> Host: seleniumjenkins.atlassian.net
&amp#27;[35m21-04-15 13:55:54:524&amp#27;[m [&amp#27;[34mDEBUG&amp#27;[m] >> Connection: Keep-Alive
&amp#27;[35m21-04-15 13:55:54:524&amp#27;[m [&amp#27;[34mDEBUG&amp#27;[m] >> User-Agent: Apache-HttpClient/4.5.13 (Java/11.0.10)
&amp#27;[35m21-04-15 13:55:54:923&amp#27;[m [&amp#27;[34mDEBUG&amp#27;[m]  << "HTTP/1.1 200 OK[\r][\n]"
&amp#27;[35m21-04-15 13:55:54:927&amp#27;[m [&amp#27;[34mDEBUG&amp#27;[m]  << "Server: AtlassianProxy/1.15.8.1[\r][\n]"
&amp#27;[35m21-04-15 13:55:54:928&amp#27;[m [&amp#27;[34mDEBUG&amp#27;[m]  << "vary: Accept-Encoding[\r][\n]"
&amp#27;[35m21-04-15 13:55:54:928&amp#27;[m [&amp#27;[34mDEBUG&amp#27;[m]  << "cache-control: no-cache, no-store, no-transform[\r][\n]"
&amp#27;[35m21-04-15 13:55:54:929&amp#27;[m [&amp#27;[34mDEBUG&amp#27;[m]  << "Content-Type: application/json;charset=UTF-8[\r][\n]"
&amp#27;[35m21-04-15 13:55:54:930&amp#27;[m [&amp#27;[34mDEBUG&amp#27;[m]  << "Strict-Transport-Security: max-age=315360000; includeSubDomains; preload[\r][\n]"
&amp#27;[35m21-04-15 13:55:54:930&amp#27;[m [&amp#27;[34mDEBUG&amp#27;[m]  << "Date: Thu, 15 Apr 2021 08:25:55 GMT[\r][\n]"
&amp#27;[35m21-04-15 13:55:54:931&amp#27;[m [&amp#27;[34mDEBUG&amp#27;[m]  << "ATL-TraceId: 8f2b5f764abbc66f[\r][\n]"
&amp#27;[35m21-04-15 13:55:54:931&amp#27;[m [&amp#27;[34mDEBUG&amp#27;[m]  << "x-arequestid: efa57cbc-2341-4a8a-90cc-1409ea510d2a[\r][\n]"
&amp#27;[35m21-04-15 13:55:54:932&amp#27;[m [&amp#27;[34mDEBUG&amp#27;[m]  << "x-aaccountid: 605cd90ab18de500710f061e[\r][\n]"
&amp#27;[35m21-04-15 13:55:54:933&amp#27;[m [&amp#27;[34mDEBUG&amp#27;[m]  << "X-XSS-Protection: 1; mode=block[\r][\n]"
&amp#27;[35m21-04-15 13:55:54:933&amp#27;[m [&amp#27;[34mDEBUG&amp#27;[m]  << "Transfer-Encoding: chunked[\r][\n]"
&amp#27;[35m21-04-15 13:55:54:934&amp#27;[m [&amp#27;[34mDEBUG&amp#27;[m]  << "timing-allow-origin: *[\r][\n]"
&amp#27;[35m21-04-15 13:55:54:934&amp#27;[m [&amp#27;[34mDEBUG&amp#27;[m]  << "x-envoy-upstream-service-time: 319[\r][\n]"
&amp#27;[35m21-04-15 13:55:54:935&amp#27;[m [&amp#27;[34mDEBUG&amp#27;[m]  << "X-Content-Type-Options: nosniff[\r][\n]"
&amp#27;[35m21-04-15 13:55:54:935&amp#27;[m [&amp#27;[34mDEBUG&amp#27;[m]  << "Connection: keep-alive[\r][\n]"
&amp#27;[35m21-04-15 13:55:54:936&amp#27;[m [&amp#27;[34mDEBUG&amp#27;[m]  << "set-cookie: atlassian.xsrf.token=3f19ac9e-ac9f-4f4a-8a27-528b279ec730_cbd79126c7e3ebc39f1d8e04e4ab4fa96a204b30_lin; Path=/; Secure[\r][\n]"
&amp#27;[35m21-04-15 13:55:54:937&amp#27;[m [&amp#27;[34mDEBUG&amp#27;[m]  << "Expect-CT: report-uri="https://web-security-reports.services.atlassian.com/expect-ct-report/global-proxy", enforce, max-age=86400[\r][\n]"
&amp#27;[35m21-04-15 13:55:54:937&amp#27;[m [&amp#27;[34mDEBUG&amp#27;[m]  << "[\r][\n]"
&amp#27;[35m21-04-15 13:55:54:938&amp#27;[m [&amp#27;[34mDEBUG&amp#27;[m] Receiving response: HTTP/1.1 200 OK
&amp#27;[35m21-04-15 13:55:54:938&amp#27;[m [&amp#27;[34mDEBUG&amp#27;[m] << HTTP/1.1 200 OK
&amp#27;[35m21-04-15 13:55:54:939&amp#27;[m [&amp#27;[34mDEBUG&amp#27;[m] << Server: AtlassianProxy/1.15.8.1
&amp#27;[35m21-04-15 13:55:54:939&amp#27;[m [&amp#27;[34mDEBUG&amp#27;[m] << vary: Accept-Encoding
&amp#27;[35m21-04-15 13:55:54:940&amp#27;[m [&amp#27;[34mDEBUG&amp#27;[m] << cache-control: no-cache, no-store, no-transform
&amp#27;[35m21-04-15 13:55:54:940&amp#27;[m [&amp#27;[34mDEBUG&amp#27;[m] << Content-Type: application/json;charset=UTF-8
&amp#27;[35m21-04-15 13:55:54:941&amp#27;[m [&amp#27;[34mDEBUG&amp#27;[m] << Strict-Transport-Security: max-age=315360000; includeSubDomains; preload
&amp#27;[35m21-04-15 13:55:54:941&amp#27;[m [&amp#27;[34mDEBUG&amp#27;[m] << Date: Thu, 15 Apr 2021 08:25:55 GMT
&amp#27;[35m21-04-15 13:55:54:942&amp#27;[m [&amp#27;[34mDEBUG&amp#27;[m] << ATL-TraceId: 8f2b5f764abbc66f
&amp#27;[35m21-04-15 13:55:54:942&amp#27;[m [&amp#27;[34mDEBUG&amp#27;[m] << x-arequestid: efa57cbc-2341-4a8a-90cc-1409ea510d2a
&amp#27;[35m21-04-15 13:55:54:942&amp#27;[m [&amp#27;[34mDEBUG&amp#27;[m] << x-aaccountid: 605cd90ab18de500710f061e
&amp#27;[35m21-04-15 13:55:54:942&amp#27;[m [&amp#27;[34mDEBUG&amp#27;[m] << X-XSS-Protection: 1; mode=block
&amp#27;[35m21-04-15 13:55:54:943&amp#27;[m [&amp#27;[34mDEBUG&amp#27;[m] << Transfer-Encoding: chunked
&amp#27;[35m21-04-15 13:55:54:943&amp#27;[m [&amp#27;[34mDEBUG&amp#27;[m] << timing-allow-origin: *
&amp#27;[35m21-04-15 13:55:54:943&amp#27;[m [&amp#27;[34mDEBUG&amp#27;[m] << x-envoy-upstream-service-time: 319
&amp#27;[35m21-04-15 13:55:54:943&amp#27;[m [&amp#27;[34mDEBUG&amp#27;[m] << X-Content-Type-Options: nosniff
&amp#27;[35m21-04-15 13:55:54:943&amp#27;[m [&amp#27;[34mDEBUG&amp#27;[m] << Connection: keep-alive
&amp#27;[35m21-04-15 13:55:54:944&amp#27;[m [&amp#27;[34mDEBUG&amp#27;[m] << set-cookie: atlassian.xsrf.token=3f19ac9e-ac9f-4f4a-8a27-528b279ec730_cbd79126c7e3ebc39f1d8e04e4ab4fa96a204b30_lin; Path=/; Secure
&amp#27;[35m21-04-15 13:55:54:944&amp#27;[m [&amp#27;[34mDEBUG&amp#27;[m] << Expect-CT: report-uri="https://web-security-reports.services.atlassian.com/expect-ct-report/global-proxy", enforce, max-age=86400
&amp#27;[35m21-04-15 13:55:54:949&amp#27;[m [&amp#27;[34mDEBUG&amp#27;[m] Cookie accepted [atlassian.xsrf.token="3f19ac9e-ac9f-4f4a-8a27-528b279ec730_cbd79126c7e3ebc39f1d8e04e4ab4fa96a204b30_lin", version:0, domain:seleniumjenkins.atlassian.net, path:/, expiry:null]
&amp#27;[35m21-04-15 13:55:54:951&amp#27;[m [&amp#27;[34mDEBUG&amp#27;[m] Connection can be kept alive indefinitely
&amp#27;[35m21-04-15 13:55:54:957&amp#27;[m [&amp#27;[34mDEBUG&amp#27;[m]  << "2fe5[\r][\n]"
&amp#27;[35m21-04-15 13:55:54:959&amp#27;[m [&amp#27;[34mDEBUG&amp#27;[m]  << "{"expand":"schema,names","startAt":0,"maxResults":50,"total":2,"issues":[{"expand":"operations,versionedRepresentations,editmeta,changelog,renderedFields","id":"10005","self":"https://seleniumjenkins.atlassian.net/rest/api/latest/issue/10005","key":"MAV-2","fields":{"statuscategorychangedate":"2021-03-26T18:33:40.572+0530","issuetype":{"self":"https://seleniumjenkins.atlassian.net/rest/api/2/issuetype/10005","id":"10005","description":"This JIRA Issue Type is used to create Zephyr Tests.","iconUrl":"https://seleniumjenkins.atlassian.net/secure/viewavatar?size=medium&avatarId=10551&avatarType=issuetype","name":"Test","subtask":false,"avatarId":10551},"timespent":null,"project":{"self":"https://seleniumjenkins.atlassian.net/rest/api/2/project/10001","id":"10001","key":"MAV","name":"MavenProject","projectTypeKey":"software","simplified":false,"avatarUrls":{"48x48":"https://seleniumjenkins.atlassian.net/secure/projectavatar?pid=10001&avatarId=10412","24x24":"https://seleniumjenkins.atlassian.net/secure/projectavatar?size=small&s=small&pid=10001&avatarId=10412","16x16":"https://seleniumjenkins.atlassian.net/secure/projectavatar?size=xsmall&s=xsmall&pid=10001&avatarId=10412","32x32":"https://seleniumjenkins.atlassian.net/secure/projectavatar?size=medium&s=medium&pid=10001&avatarId=10412"}},"fixVersions":[],"aggregatetimespent":null,"resolution":null,"resolutiondate":null,"workratio":-1,"lastViewed":"2021-04-05T19:30:18.904+0530","watches":{"self":"https://seleniumjenkins.atlassian.net/rest/api/2/issue/MAV-2/watchers","watchCount":1,"isWatching":true},"created":"2021-03-26T18:33:40.336+0530","customfield_10020":null,"customfield_10021":null,"customfield_10022":null,"customfield_10023":null,"priority":{"self":"https://seleniumjenkins.atlassian.net/rest/api/2/priority/3","iconUrl":"https://seleniumjenkins.atlassian.net/images/icons/priorities/medium.svg","name":"Medium","id":"3"},"customfield_10024":null,"customfield_10025":null,"labels":[],"customfield_10016":null,"customfield_10017":null,"customfield_10018":{"hasEpicLinkFieldDependency":false,"showField":false,"nonEditableReason":{"reason":"PLUGIN_LICENSE_ERROR","message":"The Parent Link is only available to Jira Premium users."}},"customfield_10019":"0|i00013:","timeestimate":null,"aggregatetimeoriginalestimate":null,"versions":[],"issuelinks":[],"assignee":null,"updated":"2021-03-26T18:33:52.016+0530","status":{"self":"https://seleniumjenkins.atlassian.net/rest/api/2/status/10000","description":"","iconUrl":"https://seleniumjenkins.atlassian.net/","name":"Backlog","id":"10000","statusCategory":{"self":"https://seleniumjenkins.atlassian.net/rest/api/2/statuscategory/2","id":2,"key":"new","colorName":"blue-gray","name":"To Do"}},"components":[],"timeoriginalestimate":null,"description":null,"customfield_10010":null,"customfield_10014":null,"customfield_10015":null,"customfield_10005":null,"customfield_10006":null,"customfield_10007":null,"security":null,"customfield_10008":null,"aggregatetimeestimate":null,"customfield_10009":null,"summary":"com.test.mavenProject.MavenProject.AppTest.shouldAnswerWithFalse","creator":{"self":"https://seleniumjenkins.atlassian.net/rest/api/2/user?accountId=605cd90ab18de500710f061e","accountId":"605cd90ab18de500710f061e","emailAddress":"bharathkalapakuri@hotmail.com","avatarUrls":{"48x48":"https://secure.gravatar.com/avatar/44cab9ec446c3c21783f153d71ddb6ca?d=https%3A%2F%2Favatar-management--avatars.us-west-2.prod.public.atl-paas.net%2Finitials%2FB-5.png","24x24":"https://secure.gravatar.com/avatar/44cab9ec446c3c21783f153d71ddb6ca?d=https%3A%2F%2Favatar-management--avatars.us-west-2.prod.public.atl-paas.net%2Finitials%2FB-5.png","16x16":"https://secure.gravatar.com/avatar/44cab9ec446c3c21783f153d71ddb6ca?d=https%3A%2F%2Favatar-management--avatars.us-west-2.prod.public.atl-paas.net%2Finitials%2FB-5.png","32x32":"https://secure.gravatar.com/avatar/44cab9ec446c3c21783f153d71ddb6ca?d=https%3A%2F%2Favatar-management--avatars.us-west-2.prod.public.atl-paas.net%2Finitials%2FB-5.png"},"displayName":"bharathkakapakuri","active":true,"timeZone":"Asia/Kolkata","accountType":"atlassian"},"subtasks":[],"reporter":{"self":"https://seleniumjenkins.atlassian.net/rest/api/2/user?accountId=605cd90ab18de500710f061e","accountId":"605cd90ab18de500710f061e","emailAddress":"bharathkalapakuri@hotmail.com","avatarUrls":{"48x48":"https://secure.gravatar.com/avatar/44cab9ec446c3c21783f153d71ddb6ca?d=https%3A%2F%2Favatar-management--avatars.us-west-2.prod.public.atl-paas.net%2Finitials%2FB-5.png","24x24":"https://secure.gravatar.com/avatar/44cab9ec446c3c21783f153d71ddb6ca?d=https%3A%2F%2Favatar-management--avatars.us-west-2.prod.public.atl-paas.net%2Finitials%2FB-5.png","16x16":"https://secure.gravatar.com/avatar/44cab9ec446c3c21783f153d71ddb6ca?d=https%3A%2F%2Favatar-management--avatars.us-west-2.prod.public.atl-paas.net%2Finitials%2FB-5.png","32x32":"https://secure.gravatar.com/avatar/44cab9ec446c3c21783f153d71ddb6ca?d=https%3A%2F%2Favatar-management--avatars.us-west-2.prod.public.atl-paas.net%2Finitials%2FB-5.png"},"displayName":"bharathkakapakuri","active":true,"timeZone":"Asia/Kolkata","accountType":"atlassian"},"customfield_10000":"{}","aggregateprogress":{"progress":0,"total":0},"customfield_10001":null,"customfield_10002":null,"customfield_10003":null,"customfield_10004":null,"environment":null,"duedate":null,"progress":{"progress":0,"total":0},"votes":{"self":"https://seleniumjenkins.atlassian.net/rest/api/2/issue/MAV-2/votes","votes":0,"hasVoted":false}}},{"expand":"operations,versionedRepresentations,editmeta,changelog,renderedFields","id":"10004","self":"https://seleniumjenkins.atlassian.net/rest/api/latest/issue/10004","key":"MAV-1","fields":{"statuscategorychangedate":"2021-04-05T23:35:19.560+0530","issuetype":{"self":"https://seleniumjenkins.atlassian.net/rest/api/2/issuetype/10005","id":"10005","description":"This JIRA Issue Type is used to create Zephyr Tests.","iconUrl":"https://seleniumjenkins.atlassian.net/secure/viewavatar?size=medium&avatarId=10551&avatarType=issuetype","name":"Test","subtask":false,"avatarId":10551},"timespent":null,"project":{"self":"https://seleniumjenkins.atlassian.net/rest/api/2/project/10001","id":"10001","key":"MAV","name":"MavenProject","projectTypeKey":"software","simplified":false,"avatarUrls":{"48x48":"https://seleniumjenkins.atlassian.net/secure/projectavatar?pid=10001&avatarId=10412","24x24":"https://seleniumjenkins.atlassian.net/secure/projectavatar?size=small&s=small&pid=10001&avatarId=10412","16x16":"https://seleniumjenkins.atlassian.net/secure/projectavatar?size=xsmall&s=xsmall&pid=10001&avatarId=10412","32x32":"https://seleniumjenkins.atlassian.net/secure/projectavatar?size=medium&s=medium&pid=10001&avatarId=10412"}},"fixVersions":[],"aggregatetimespent":null,"resolution":{"self":"https://seleniumjenkins.atlassian.net/rest/api/2/resolution/10000","id":"10000","description":"Work has been completed on this issue.","name":"Done"},"resolutiondate":"2021-04-05T23:35:19.556+0530","workratio":-1,"lastViewed":"2021-04-15T13:06:04.753+0530","watches":{"self":"https://seleniumjenkins.atlassian.net/rest/api/2/issue/MAV-1/watchers","watchCount":1,"isWatching":true},"created":"2021-03-26T18:23:00.406+0530","customfield_10020":null,"customfield_10021":null,"customfield_10022":null,"priority":{"self":"https://sele"
&amp#27;[35m21-04-15 13:55:54:963&amp#27;[m [&amp#27;[34mDEBUG&amp#27;[m]  << "niumjenkins.atlassian.net/rest/api/2/priority/3","iconUrl":"https://seleniumjenkins.atlassian.net/images/icons/priorities/medium.svg","name":"Medium","id":"3"},"customfield_10023":null,"customfield_10024":null,"customfield_10025":"3_*:*_1_*:*_4064_*|*_10000_*:*_2_*:*_882711158_*|*_10002_*:*_2_*:*_21036_*|*_10001_*:*_1_*:*_2933","labels":["test"],"customfield_10016":null,"customfield_10017":null,"customfield_10018":{"hasEpicLinkFieldDependency":false,"showField":false,"nonEditableReason":{"reason":"PLUGIN_LICENSE_ERROR","message":"The Parent Link is only available to Jira Premium users."}},"customfield_10019":"0|i0000v:","aggregatetimeoriginalestimate":null,"timeestimate":null,"versions":[],"issuelinks":[],"assignee":{"self":"https://seleniumjenkins.atlassian.net/rest/api/2/user?accountId=605cd90ab18de500710f061e","accountId":"605cd90ab18de500710f061e","emailAddress":"bharathkalapakuri@hotmail.com","avatarUrls":{"48x48":"https://secure.gravatar.com/avatar/44cab9ec446c3c21783f153d71ddb6ca?d=https%3A%2F%2Favatar-management--avatars.us-west-2.prod.public.atl-paas.net%2Finitials%2FB-5.png","24x24":"https://secure.gravatar.com/avatar/44cab9ec446c3c21783f153d71ddb6ca?d=https%3A%2F%2Favatar-management--avatars.us-west-2.prod.public.atl-paas.net%2Finitials%2FB-5.png","16x16":"https://secure.gravatar.com/avatar/44cab9ec446c3c21783f153d71ddb6ca?d=https%3A%2F%2Favatar-management--avatars.us-west-2.prod.public.atl-paas.net%2Finitials%2FB-5.png","32x32":"https://secure.gravatar.com/avatar/44cab9ec446c3c21783f153d71ddb6ca?d=https%3A%2F%2Favatar-management--avatars.us-west-2.prod.public.atl-paas.net%2Finitials%2FB-5.png"},"displayName":"bharathkakapakuri","active":true,"timeZone":"Asia/Kolkata","accountType":"atlassian"},"updated":"2021-04-07T15:32:29.330+0530","status":{"self":"https://seleniumjenkins.atlassian.net/rest/api/2/status/10002","description":"","iconUrl":"https://seleniumjenkins.atlassian.net/","name":"Done","id":"10002","statusCategory":{"self":"https://seleniumjenkins.atlassian.net/rest/api/2/statuscategory/3","id":3,"key":"done","colorName":"green","name":"Done"}},"components":[],"timeoriginalestimate":null,"description":"Welcome to Jira Jenkins integration","customfield_10010":null,"customfield_10014":null,"customfield_10015":null,"customfield_10005":null,"customfield_10006":null,"security":null,"customfield_10007":null,"customfield_10008":null,"aggregatetimeestimate":null,"customfield_10009":null,"summary":"com.test.mavenProject.MavenProject.AppTest.shouldAnswerWithTrue","creator":{"self":"https://seleniumjenkins.atlassian.net/rest/api/2/user?accountId=605cd90ab18de500710f061e","accountId":"605cd90ab18de500710f061e","emailAddress":"bharathkalapakuri@hotmail.com","avatarUrls":{"48x48":"https://secure.gravatar.com/avatar/44cab9ec446c3c21783f153d71ddb6ca?d=https%3A%2F%2Favatar-management--avatars.us-west-2.prod.public.atl-paas.net%2Finitials%2FB-5.png","24x24":"https://secure.gravatar.com/avatar/44cab9ec446c3c21783f153d71ddb6ca?d=https%3A%2F%2Favatar-management--avatars.us-west-2.prod.public.atl-paas.net%2Finitials%2FB-5.png","16x16":"https://secure.gravatar.com/avatar/44cab9ec446c3c21783f153d71ddb6ca?d=https%3A%2F%2Favatar-management--avatars.us-west-2.prod.public.atl-paas.net%2Finitials%2FB-5.png","32x32":"https://secure.gravatar.com/avatar/44cab9ec446c3c21783f153d71ddb6ca?d=https%3A%2F%2Favatar-management--avatars.us-west-2.prod.public.atl-paas.net%2Finitials%2FB-5.png"},"displayName":"bharathkakapakuri","active":true,"timeZone":"Asia/Kolkata","accountType":"atlassian"},"subtasks":[],"reporter":{"self":"https://seleniumjenkins.atlassian.net/rest/api/2/user?accountId=557058%3Af58131cb-b67d-43c7-b30d-6b58d40bd077","accountId":"557058:f58131cb-b67d-43c7-b30d-6b58d40bd077","avatarUrls":{"48x48":"https://secure.gravatar.com/avatar/600529a9c8bfef89daa848e6db28ed2d?d=https%3A%2F%2Favatar-management--avatars.us-west-2.prod.public.atl-paas.net%2Finitials%2FAJ-0.png","24x24":"https://secure.gravatar.com/avatar/600529a9c8bfef89daa848e6db28ed2d?d=https%3A%2F%2Favatar-management--avatars.us-west-2.prod.public.atl-paas.net%2Finitials%2FAJ-0.png","16x16":"https://secure.gravatar.com/avatar/600529a9c8bfef89daa848e6db28ed2d?d=https%3A%2F%2Favatar-management--avatars.us-west-2.prod.public.atl-paas.net%2Finitials%2FAJ-0.png","32x32":"https://secure.gravatar.com/avatar/600529a9c8bfef89daa848e6db28ed2d?d=https%3A%2F%2Favatar-management--avatars.us-west-2.prod.public.atl-paas.net%2Finitials%2FAJ-0.png"},"displayName":"Automation for Jira","active":true,"timeZone":"Asia/Kolkata","accountType":"app"},"customfield_10000":"{}","aggregateprogress":{"progress":0,"total":0},"customfield_10001":null,"customfield_10002":null,"customfield_10003":null,"customfield_10004":null,"environment":null,"duedate":null,"progress":{"progress":0,"total":0},"votes":{"self":"https://seleniumjenkins.atlassian.net/rest/api/2/issue/MAV-1/votes","votes":0,"hasVoted":false}}}]}"
&amp#27;[35m21-04-15 13:55:54:965&amp#27;[m [&amp#27;[34mDEBUG&amp#27;[m]  << "[\r][\n]"
&amp#27;[35m21-04-15 13:55:54:965&amp#27;[m [&amp#27;[34mDEBUG&amp#27;[m]  << "0[\r][\n]"
&amp#27;[35m21-04-15 13:55:54:966&amp#27;[m [&amp#27;[34mDEBUG&amp#27;[m]  << "[\r][\n]"
&amp#27;[35m21-04-15 13:55:54:966&amp#27;[m [&amp#27;[34mDEBUG&amp#27;[m] Releasing connection org.apache.http.impl.conn.ManagedClientConnectionImpl@3d36dff4
&amp#27;[35m21-04-15 13:55:54:966&amp#27;[m [&amp#27;[34mDEBUG&amp#27;[m] Connection can be kept alive indefinitely
Issue-->MAV-2
Issue-->MAV-1
]]></system-out>
  </testcase>
  <testcase name="shouldAnswerWithTrue" classname="com.test.mavenProject.MavenProject.AppTest" time="0">
    <skipped message="Configuration is not defined: ZAPI_HOME&#10;To work with configuration you need to defined it first.&#10;We need all configuration parameters so we can use this information while you are using application in cli mode.&#10;To do so you need to add this information to your default yaml file in following format:&#10;- name: &quot;String: &lt;Configuration Name&gt;&quot;&#10;  descriptions: &quot;String: &lt;Command line prompt to inform use about the propose of config if the value is not set&gt;&quot;&#10;  defaultValue: &quot;String: &lt;Default value so we can use it if value is not set, note that we do not prompt user if default value set&gt;&quot;&#10;  required: &lt;Boolean: Shall we prompt user for this config if it is not set or we can ignore this&gt;&#10;  sensitive: &lt;Boolean: if the configuration information is sensitive and should mask in log&gt;&#10;"/>
  </testcase>
  <testcase name="jiraTest" classname="com.test.mavenProject.MavenProject.AppTest" time="0">
    <skipped/>
  </testcase>
</testsuite>