<?xml version="1.0" encoding="UTF-8"?>
<!-- Generated by org.testng.reporters.JUnitReportReporter -->
<testsuite hostname="Dell-PC" failures="0" tests="1" name="com.test.mavenProject.MavenProject.TestClassDemo" time="0.012" errors="0" timestamp="2024-04-08T18:07:36 IST" skipped="0">
  <testcase classname="com.test.mavenProject.MavenProject.TestClassDemo" name="readTestFile" time="0.012"/>
  <system-out/>
</testsuite> <!-- com.test.mavenProject.MavenProject.TestClassDemo -->
