<?xml version="1.0" encoding="UTF-8"?>
<!-- Generated by org.testng.reporters.JUnitReportReporter -->
<testsuite hostname="Dell-PC" failures="0" tests="1" name="com.java.mavenProject.GenericPackage.ReadDataBase" time="0.904" errors="0" timestamp="2021-06-15T20:01:22 IST" skipped="0">
  <testcase classname="com.java.mavenProject.GenericPackage.ReadDataBase" name="readDataBaseMethod" time="0.904"/>
  <system-out/>
</testsuite> <!-- com.java.mavenProject.GenericPackage.ReadDataBase -->
