<?xml version="1.0" encoding="UTF-8"?>
<!-- Generated by org.testng.reporters.JUnitReportReporter -->
<testsuite hostname="Dell-PC" failures="0" tests="4" name="com.test.mavenProject.MavenProject.AppTest" time="2.079" errors="0" timestamp="2021-05-29T20:31:33 IST" skipped="0">
  <testcase classname="com.test.mavenProject.MavenProject.AppTest" name="jiraTest" time="2.071"/>
  <system-out/>
  <testcase classname="com.test.mavenProject.MavenProject.AppTest" name="shouldAnswerWithTrue" time="0.002"/>
  <system-out/>
  <testcase classname="com.test.mavenProject.MavenProject.AppTest" name="shouldAnswerWithFalse" time="0.004"/>
  <system-out/>
  <testcase classname="com.test.mavenProject.MavenProject.AppTest" name="zapiTest" time="0.002"/>
  <system-out/>
</testsuite> <!-- com.test.mavenProject.MavenProject.AppTest -->
