<?xml version="1.0" encoding="UTF-8"?>
<!-- Generated by org.testng.reporters.JUnitReportReporter -->
<testsuite hostname="Dell-PC" failures="0" tests="1" name="com.test.mavenProject.MavenProject.ReadDataBaseTest" time="0.851" errors="0" timestamp="2021-06-15T20:28:30 IST" skipped="0">
  <testcase classname="com.test.mavenProject.MavenProject.ReadDataBaseTest" name="readDataBaseMethod" time="0.851"/>
  <system-out/>
</testsuite> <!-- com.test.mavenProject.MavenProject.ReadDataBaseTest -->
