<?xml version="1.0" encoding="UTF-8"?>
<!-- Generated by org.testng.reporters.JUnitReportReporter -->
<testsuite hostname="Dell-PC" failures="0" tests="2" name="com.test.mavenProject.MavenProject.ApiTest" time="0.007" errors="0" timestamp="2021-06-15T20:28:55 IST" skipped="0">
  <testcase classname="com.test.mavenProject.MavenProject.ApiTest" name="testPassMethod" time="0.000"/>
  <system-out/>
  <testcase classname="com.test.mavenProject.MavenProject.ApiTest" name="testFailMethod" time="0.007"/>
  <system-out/>
</testsuite> <!-- com.test.mavenProject.MavenProject.ApiTest -->
