<?xml version="1.0" encoding="UTF-8"?>
<!-- Generated by org.testng.reporters.JUnitReportReporter -->
<testsuite hostname="Dell-PC" failures="0" tests="2" name="com.test.mavenProject.MavenProject.AppTest" time="0.013" errors="0" timestamp="2021-04-07T12:37:24 IST" skipped="0">
  <testcase classname="com.test.mavenProject.MavenProject.AppTest" name="shouldAnswerWithTrue" time="0.001"/>
  <system-out/>
  <testcase classname="com.test.mavenProject.MavenProject.AppTest" name="shouldAnswerWithFalse" time="0.012"/>
  <system-out/>
</testsuite> <!-- com.test.mavenProject.MavenProject.AppTest -->
