<?xml version="1.0" encoding="UTF-8"?>
<!-- Generated by org.testng.reporters.JUnitReportReporter -->
<testsuite hostname="Dell-PC" failures="0" tests="2" name="com.test.mavenProject.MavenProject.AppTest" time="0.007" errors="0" timestamp="2021-04-07T17:50:27 IST" skipped="0">
  <testcase classname="com.test.mavenProject.MavenProject.AppTest" name="shouldAnswerWithTrue" time="0.000"/>
  <system-out/>
  <testcase classname="com.test.mavenProject.MavenProject.AppTest" name="shouldAnswerWithFalse" time="0.007"/>
  <system-out/>
</testsuite> <!-- com.test.mavenProject.MavenProject.AppTest -->
